<?xml version="1.0" encoding="UTF-8"?>

<mule xmlns:hl7="http://www.mulesoft.org/schema/mule/hl7" xmlns="http://www.mulesoft.org/schema/mule/core" xmlns:file="http://www.mulesoft.org/schema/mule/file" xmlns:data-mapper="http://www.mulesoft.org/schema/mule/ee/data-mapper" xmlns:sfdc="http://www.mulesoft.org/schema/mule/sfdc" xmlns:doc="http://www.mulesoft.org/schema/mule/documentation" xmlns:spring="http://www.springframework.org/schema/beans" version="EE-3.4.0" xmlns:xsi="http://www.w3.org/2001/XMLSchema-instance" xsi:schemaLocation="http://www.mulesoft.org/schema/mule/file http://www.mulesoft.org/schema/mule/file/current/mule-file.xsd
http://www.mulesoft.org/schema/mule/ee/data-mapper http://www.mulesoft.org/schema/mule/ee/data-mapper/current/mule-data-mapper.xsd
http://www.mulesoft.org/schema/mule/sfdc http://www.mulesoft.org/schema/mule/sfdc/5.0/mule-sfdc.xsd
http://www.springframework.org/schema/beans http://www.springframework.org/schema/beans/spring-beans-current.xsd
http://www.mulesoft.org/schema/mule/core http://www.mulesoft.org/schema/mule/core/current/mule.xsd
http://www.mulesoft.org/schema/mule/hl7 http://www.mulesoft.org/schema/mule/hl7/current/mule-hl7.xsd">
    <flow name="test-flowFlow1" doc:name="test-flowFlow1">
        <file:inbound-endpoint path="/Users/Shuba/Documents/Test" responseTimeout="10000" doc:name="File"/>
        <byte-array-to-string-transformer doc:name="Byte Array to String"/>
        <sfdc:describe-sobject config-ref="UCSF_SF_Connection" type="Master_Patient__c" doc:name="Salesforce">
        </sfdc:describe-sobject>
    </flow>
</mule>
